build/app/intermediates/manifest_merge_blame_file/release/manifest-merger-blame-release-report.txt
1<?xml version="1.0" encoding="utf-8"?>
2<manifest xmlns:android="http://schemas.android.com/apk/res/android"
3    package="com.example.notes"
4    android:versionCode="1"
5    android:versionName="1.0" >
6
7    <uses-sdk
8        android:minSdkVersion="21"
8-->src\main\AndroidManifest.xml
9        android:targetSdkVersion="21" />
9-->src\main\AndroidManifest.xml
10
11    <uses-permission android:name="android.permission.VIBRATE" />
11-->[:flutter_local_notifications] AndroidManifest.xml:9:5-66
11-->[:flutter_local_notifications] AndroidManifest.xml:9:22-63
12    <uses-permission android:name="android.permission.POST_NOTIFICATIONS" />
12-->[:flutter_local_notifications] AndroidManifest.xml:10:5-77
12-->[:flutter_local_notifications] AndroidManifest.xml:10:22-74
13    <uses-permission android:name="android.permission.INTERNET" />
13-->[:google_sign_in_android] AndroidManifest.xml:9:5-67
13-->[:google_sign_in_android] AndroidManifest.xml:9:22-64
14
15    <queries>
15-->[com.linecorp.linesdk:linesdk:5.8.1] AndroidManifest.xml:9:5-19:15
16        <package android:name="jp.naver.line.android" />
16-->[com.linecorp.linesdk:linesdk:5.8.1] AndroidManifest.xml:10:9-57
16-->[com.linecorp.linesdk:linesdk:5.8.1] AndroidManifest.xml:10:18-54
17
18        <intent>
18-->[com.linecorp.linesdk:linesdk:5.8.1] AndroidManifest.xml:12:9-18:18
19            <action android:name="android.intent.action.VIEW" />
19-->[com.linecorp.linesdk:linesdk:5.8.1] AndroidManifest.xml:13:13-65
19-->[com.linecorp.linesdk:linesdk:5.8.1] AndroidManifest.xml:13:21-62
20
21            <category android:name="android.intent.category.BROWSABLE" />
21-->[com.linecorp.linesdk:linesdk:5.8.1] AndroidManifest.xml:15:13-74
21-->[com.linecorp.linesdk:linesdk:5.8.1] AndroidManifest.xml:15:23-71
22
23            <data android:scheme="https" />
23-->[com.linecorp.linesdk:linesdk:5.8.1] AndroidManifest.xml:17:13-44
23-->[com.linecorp.linesdk:linesdk:5.8.1] AndroidManifest.xml:17:19-41
24        </intent>
25    </queries>
26
27    <uses-permission android:name="android.permission.ACCESS_NETWORK_STATE" />
27-->[com.google.firebase:firebase-auth:22.1.2] AndroidManifest.xml:26:5-79
27-->[com.google.firebase:firebase-auth:22.1.2] AndroidManifest.xml:26:22-76
28
29    <application
30        android:name="io.flutter.app.FlutterMultiDexApplication"
30-->src\main\AndroidManifest.xml:4:9-42
31        android:appComponentFactory="androidx.core.app.CoreComponentFactory"
31-->[androidx.core:core:1.6.0] AndroidManifest.xml:24:18-86
32        android:icon="@mipmap/ic_launcher"
32-->src\main\AndroidManifest.xml:5:9-43
33        android:label="notes"
33-->src\main\AndroidManifest.xml:3:9-30
34        android:supportsRtl="true" >
34-->[com.linecorp.linesdk:linesdk:5.8.1] AndroidManifest.xml:21:18-44
35        <activity
35-->src\main\AndroidManifest.xml:6:9-26:20
36            android:name="com.example.notes.MainActivity"
36-->src\main\AndroidManifest.xml:7:13-41
37            android:configChanges="orientation|keyboardHidden|keyboard|screenSize|smallestScreenSize|locale|layoutDirection|fontScale|screenLayout|density|uiMode"
37-->src\main\AndroidManifest.xml:11:13-163
38            android:exported="true"
38-->src\main\AndroidManifest.xml:8:13-36
39            android:hardwareAccelerated="true"
39-->src\main\AndroidManifest.xml:12:13-47
40            android:launchMode="singleTop"
40-->src\main\AndroidManifest.xml:9:13-43
41            android:theme="@style/LaunchTheme"
41-->src\main\AndroidManifest.xml:10:13-47
42            android:windowSoftInputMode="adjustResize" >
42-->src\main\AndroidManifest.xml:13:13-55
43
44            <!--
45                 Specifies an Android theme to apply to this Activity as soon as
46                 the Android process has started. This theme is visible to the user
47                 while the Flutter UI initializes. After that, this theme continues
48                 to determine the Window background behind the Flutter UI.
49            -->
50            <meta-data
50-->src\main\AndroidManifest.xml:18:13-21:19
51                android:name="io.flutter.embedding.android.NormalTheme"
51-->src\main\AndroidManifest.xml:19:17-72
52                android:resource="@drawable/launch_background" />
52-->src\main\AndroidManifest.xml:20:17-63
53
54            <intent-filter>
54-->src\main\AndroidManifest.xml:22:13-25:29
55                <action android:name="android.intent.action.MAIN" />
55-->src\main\AndroidManifest.xml:23:17-68
55-->src\main\AndroidManifest.xml:23:25-66
56
57                <category android:name="android.intent.category.LAUNCHER" />
57-->src\main\AndroidManifest.xml:24:17-76
57-->src\main\AndroidManifest.xml:24:27-74
58            </intent-filter>
59        </activity>
60        <!--
61             Don't delete the meta-data below.
62             This is used by the Flutter tool to generate GeneratedPluginRegistrant.java
63        -->
64        <meta-data
64-->src\main\AndroidManifest.xml:29:9-31:33
65            android:name="flutterEmbedding"
65-->src\main\AndroidManifest.xml:30:13-44
66            android:value="2" />
66-->src\main\AndroidManifest.xml:31:13-30
67
68        <service
68-->[:firebase_auth] AndroidManifest.xml:10:9-14:19
69            android:name="com.google.firebase.components.ComponentDiscoveryService"
69-->[:firebase_auth] AndroidManifest.xml:10:18-89
70            android:directBootAware="true"
70-->[com.google.firebase:firebase-common:20.3.3] AndroidManifest.xml:34:13-43
71            android:exported="false" >
71-->[com.google.firebase:firebase-auth:22.1.2] AndroidManifest.xml:68:13-37
72            <meta-data
72-->[:firebase_auth] AndroidManifest.xml:11:13-13:85
73                android:name="com.google.firebase.components:io.flutter.plugins.firebase.auth.FlutterFirebaseAuthRegistrar"
73-->[:firebase_auth] AndroidManifest.xml:12:17-124
74                android:value="com.google.firebase.components.ComponentRegistrar" />
74-->[:firebase_auth] AndroidManifest.xml:13:17-82
75            <meta-data
75-->[:firebase_database] AndroidManifest.xml:11:13-13:85
76                android:name="com.google.firebase.components:io.flutter.plugins.firebase.database.FlutterFirebaseAppRegistrar"
76-->[:firebase_database] AndroidManifest.xml:12:17-127
77                android:value="com.google.firebase.components.ComponentRegistrar" />
77-->[:firebase_database] AndroidManifest.xml:13:17-82
78            <meta-data
78-->[:firebase_storage] AndroidManifest.xml:11:13-13:85
79                android:name="com.google.firebase.components:io.flutter.plugins.firebase.storage.FlutterFirebaseAppRegistrar"
79-->[:firebase_storage] AndroidManifest.xml:12:17-126
80                android:value="com.google.firebase.components.ComponentRegistrar" />
80-->[:firebase_storage] AndroidManifest.xml:13:17-82
81            <meta-data
81-->[:cloud_firestore] AndroidManifest.xml:11:13-13:85
82                android:name="com.google.firebase.components:io.flutter.plugins.firebase.firestore.FlutterFirebaseFirestoreRegistrar"
82-->[:cloud_firestore] AndroidManifest.xml:12:17-134
83                android:value="com.google.firebase.components.ComponentRegistrar" />
83-->[:cloud_firestore] AndroidManifest.xml:13:17-82
84            <meta-data
84-->[:firebase_core] AndroidManifest.xml:11:13-13:85
85                android:name="com.google.firebase.components:io.flutter.plugins.firebase.core.FlutterFirebaseCoreRegistrar"
85-->[:firebase_core] AndroidManifest.xml:12:17-124
86                android:value="com.google.firebase.components.ComponentRegistrar" />
86-->[:firebase_core] AndroidManifest.xml:13:17-82
87            <meta-data
87-->[com.google.firebase:firebase-auth:22.1.2] AndroidManifest.xml:69:13-71:85
88                android:name="com.google.firebase.components:com.google.firebase.auth.FirebaseAuthRegistrar"
88-->[com.google.firebase:firebase-auth:22.1.2] AndroidManifest.xml:70:17-109
89                android:value="com.google.firebase.components.ComponentRegistrar" />
89-->[com.google.firebase:firebase-auth:22.1.2] AndroidManifest.xml:71:17-82
90            <meta-data
90-->[com.google.firebase:firebase-firestore:24.8.1] AndroidManifest.xml:17:13-19:85
91                android:name="com.google.firebase.components:com.google.firebase.firestore.FirestoreRegistrar"
91-->[com.google.firebase:firebase-firestore:24.8.1] AndroidManifest.xml:18:17-111
92                android:value="com.google.firebase.components.ComponentRegistrar" />
92-->[com.google.firebase:firebase-firestore:24.8.1] AndroidManifest.xml:19:17-82
93            <meta-data
93-->[com.google.firebase:firebase-storage:20.2.1] AndroidManifest.xml:32:13-34:85
94                android:name="com.google.firebase.components:com.google.firebase.storage.StorageRegistrar"
94-->[com.google.firebase:firebase-storage:20.2.1] AndroidManifest.xml:33:17-107
95                android:value="com.google.firebase.components.ComponentRegistrar" />
95-->[com.google.firebase:firebase-storage:20.2.1] AndroidManifest.xml:34:17-82
96            <meta-data
96-->[com.google.firebase:firebase-database:20.2.2] AndroidManifest.xml:31:13-33:85
97                android:name="com.google.firebase.components:com.google.firebase.database.DatabaseRegistrar"
97-->[com.google.firebase:firebase-database:20.2.2] AndroidManifest.xml:32:17-109
98                android:value="com.google.firebase.components.ComponentRegistrar" />
98-->[com.google.firebase:firebase-database:20.2.2] AndroidManifest.xml:33:17-82
99        </service>
100
101        <activity
101-->[com.linecorp.linesdk:linesdk:5.8.1] AndroidManifest.xml:22:9-24:59
102            android:name="com.linecorp.linesdk.openchat.ui.CreateOpenChatActivity"
102-->[com.linecorp.linesdk:linesdk:5.8.1] AndroidManifest.xml:23:13-83
103            android:theme="@style/AppTheme.NoActionBar" />
103-->[com.linecorp.linesdk:linesdk:5.8.1] AndroidManifest.xml:24:13-56
104        <!--
105         "launchMode" of this activity must not be singleInstance and singleTask because, this is
106         launched with using startActivityForResult().
107         This activity must be stacked on same Activity Stack of the caller.
108        -->
109        <activity
109-->[com.linecorp.linesdk:linesdk:5.8.1] AndroidManifest.xml:30:9-35:69
110            android:name="com.linecorp.linesdk.auth.internal.LineAuthenticationActivity"
110-->[com.linecorp.linesdk:linesdk:5.8.1] AndroidManifest.xml:31:13-89
111            android:configChanges="orientation|screenSize|keyboardHidden"
111-->[com.linecorp.linesdk:linesdk:5.8.1] AndroidManifest.xml:32:13-74
112            android:exported="false"
112-->[com.linecorp.linesdk:linesdk:5.8.1] AndroidManifest.xml:33:13-37
113            android:launchMode="singleTop"
113-->[com.linecorp.linesdk:linesdk:5.8.1] AndroidManifest.xml:34:13-43
114            android:theme="@style/LineSdk_AuthenticationActivity" />
114-->[com.linecorp.linesdk:linesdk:5.8.1] AndroidManifest.xml:35:13-66
115        <activity
115-->[com.linecorp.linesdk:linesdk:5.8.1] AndroidManifest.xml:36:9-48:20
116            android:name="com.linecorp.linesdk.auth.internal.LineAuthenticationCallbackActivity"
116-->[com.linecorp.linesdk:linesdk:5.8.1] AndroidManifest.xml:37:13-97
117            android:configChanges="orientation|screenSize|keyboardHidden"
117-->[com.linecorp.linesdk:linesdk:5.8.1] AndroidManifest.xml:38:13-74
118            android:exported="true" >
118-->[com.linecorp.linesdk:linesdk:5.8.1] AndroidManifest.xml:39:13-36
119            <intent-filter>
119-->[com.linecorp.linesdk:linesdk:5.8.1] AndroidManifest.xml:40:13-47:29
120                <action android:name="android.intent.action.VIEW" />
120-->[com.linecorp.linesdk:linesdk:5.8.1] AndroidManifest.xml:13:13-65
120-->[com.linecorp.linesdk:linesdk:5.8.1] AndroidManifest.xml:13:21-62
121
122                <category android:name="android.intent.category.DEFAULT" />
122-->[com.linecorp.linesdk:linesdk:5.8.1] AndroidManifest.xml:43:17-76
122-->[com.linecorp.linesdk:linesdk:5.8.1] AndroidManifest.xml:43:27-73
123                <category android:name="android.intent.category.BROWSABLE" />
123-->[com.linecorp.linesdk:linesdk:5.8.1] AndroidManifest.xml:15:13-74
123-->[com.linecorp.linesdk:linesdk:5.8.1] AndroidManifest.xml:15:23-71
124
125                <data android:scheme="lineauth" />
125-->[com.linecorp.linesdk:linesdk:5.8.1] AndroidManifest.xml:17:13-44
125-->[com.linecorp.linesdk:linesdk:5.8.1] AndroidManifest.xml:17:19-41
126            </intent-filter>
127        </activity>
128
129        <uses-library
129-->[androidx.window:window:1.0.0-beta04] AndroidManifest.xml:25:9-27:40
130            android:name="androidx.window.extensions"
130-->[androidx.window:window:1.0.0-beta04] AndroidManifest.xml:26:13-54
131            android:required="false" />
131-->[androidx.window:window:1.0.0-beta04] AndroidManifest.xml:27:13-37
132        <uses-library
132-->[androidx.window:window:1.0.0-beta04] AndroidManifest.xml:28:9-30:40
133            android:name="androidx.window.sidecar"
133-->[androidx.window:window:1.0.0-beta04] AndroidManifest.xml:29:13-51
134            android:required="false" />
134-->[androidx.window:window:1.0.0-beta04] AndroidManifest.xml:30:13-37
135
136        <activity
136-->[com.google.firebase:firebase-auth:22.1.2] AndroidManifest.xml:29:9-46:20
137            android:name="com.google.firebase.auth.internal.GenericIdpActivity"
137-->[com.google.firebase:firebase-auth:22.1.2] AndroidManifest.xml:30:13-80
138            android:excludeFromRecents="true"
138-->[com.google.firebase:firebase-auth:22.1.2] AndroidManifest.xml:31:13-46
139            android:exported="true"
139-->[com.google.firebase:firebase-auth:22.1.2] AndroidManifest.xml:32:13-36
140            android:launchMode="singleTask"
140-->[com.google.firebase:firebase-auth:22.1.2] AndroidManifest.xml:33:13-44
141            android:theme="@android:style/Theme.Translucent.NoTitleBar" >
141-->[com.google.firebase:firebase-auth:22.1.2] AndroidManifest.xml:34:13-72
142            <intent-filter>
142-->[com.google.firebase:firebase-auth:22.1.2] AndroidManifest.xml:35:13-45:29
143                <action android:name="android.intent.action.VIEW" />
143-->[com.linecorp.linesdk:linesdk:5.8.1] AndroidManifest.xml:13:13-65
143-->[com.linecorp.linesdk:linesdk:5.8.1] AndroidManifest.xml:13:21-62
144
145                <category android:name="android.intent.category.DEFAULT" />
145-->[com.linecorp.linesdk:linesdk:5.8.1] AndroidManifest.xml:43:17-76
145-->[com.linecorp.linesdk:linesdk:5.8.1] AndroidManifest.xml:43:27-73
146                <category android:name="android.intent.category.BROWSABLE" />
146-->[com.linecorp.linesdk:linesdk:5.8.1] AndroidManifest.xml:15:13-74
146-->[com.linecorp.linesdk:linesdk:5.8.1] AndroidManifest.xml:15:23-71
147
148                <data
148-->[com.linecorp.linesdk:linesdk:5.8.1] AndroidManifest.xml:17:13-44
149                    android:host="firebase.auth"
150                    android:path="/"
151                    android:scheme="genericidp" />
151-->[com.linecorp.linesdk:linesdk:5.8.1] AndroidManifest.xml:17:19-41
152            </intent-filter>
153        </activity>
154        <activity
154-->[com.google.firebase:firebase-auth:22.1.2] AndroidManifest.xml:47:9-64:20
155            android:name="com.google.firebase.auth.internal.RecaptchaActivity"
155-->[com.google.firebase:firebase-auth:22.1.2] AndroidManifest.xml:48:13-79
156            android:excludeFromRecents="true"
156-->[com.google.firebase:firebase-auth:22.1.2] AndroidManifest.xml:49:13-46
157            android:exported="true"
157-->[com.google.firebase:firebase-auth:22.1.2] AndroidManifest.xml:50:13-36
158            android:launchMode="singleTask"
158-->[com.google.firebase:firebase-auth:22.1.2] AndroidManifest.xml:51:13-44
159            android:theme="@android:style/Theme.Translucent.NoTitleBar" >
159-->[com.google.firebase:firebase-auth:22.1.2] AndroidManifest.xml:52:13-72
160            <intent-filter>
160-->[com.google.firebase:firebase-auth:22.1.2] AndroidManifest.xml:53:13-63:29
161                <action android:name="android.intent.action.VIEW" />
161-->[com.linecorp.linesdk:linesdk:5.8.1] AndroidManifest.xml:13:13-65
161-->[com.linecorp.linesdk:linesdk:5.8.1] AndroidManifest.xml:13:21-62
162
163                <category android:name="android.intent.category.DEFAULT" />
163-->[com.linecorp.linesdk:linesdk:5.8.1] AndroidManifest.xml:43:17-76
163-->[com.linecorp.linesdk:linesdk:5.8.1] AndroidManifest.xml:43:27-73
164                <category android:name="android.intent.category.BROWSABLE" />
164-->[com.linecorp.linesdk:linesdk:5.8.1] AndroidManifest.xml:15:13-74
164-->[com.linecorp.linesdk:linesdk:5.8.1] AndroidManifest.xml:15:23-71
165
166                <data
166-->[com.linecorp.linesdk:linesdk:5.8.1] AndroidManifest.xml:17:13-44
167                    android:host="firebase.auth"
168                    android:path="/"
169                    android:scheme="recaptcha" />
169-->[com.linecorp.linesdk:linesdk:5.8.1] AndroidManifest.xml:17:19-41
170            </intent-filter>
171        </activity>
172
173        <provider
173-->[com.google.firebase:firebase-common:20.3.3] AndroidManifest.xml:25:9-30:39
174            android:name="com.google.firebase.provider.FirebaseInitProvider"
174-->[com.google.firebase:firebase-common:20.3.3] AndroidManifest.xml:26:13-77
175            android:authorities="com.example.notes.firebaseinitprovider"
175-->[com.google.firebase:firebase-common:20.3.3] AndroidManifest.xml:27:13-72
176            android:directBootAware="true"
176-->[com.google.firebase:firebase-common:20.3.3] AndroidManifest.xml:28:13-43
177            android:exported="false"
177-->[com.google.firebase:firebase-common:20.3.3] AndroidManifest.xml:29:13-37
178            android:initOrder="100" />
178-->[com.google.firebase:firebase-common:20.3.3] AndroidManifest.xml:30:13-36
179
180        <activity
180-->[com.google.android.gms:play-services-auth:20.7.0] AndroidManifest.xml:23:9-27:75
181            android:name="com.google.android.gms.auth.api.signin.internal.SignInHubActivity"
181-->[com.google.android.gms:play-services-auth:20.7.0] AndroidManifest.xml:24:13-93
182            android:excludeFromRecents="true"
182-->[com.google.android.gms:play-services-auth:20.7.0] AndroidManifest.xml:25:13-46
183            android:exported="false"
183-->[com.google.android.gms:play-services-auth:20.7.0] AndroidManifest.xml:26:13-37
184            android:theme="@android:style/Theme.Translucent.NoTitleBar" />
184-->[com.google.android.gms:play-services-auth:20.7.0] AndroidManifest.xml:27:13-72
185        <!--
186            Service handling Google Sign-In user revocation. For apps that do not integrate with
187            Google Sign-In, this service will never be started.
188        -->
189        <service
189-->[com.google.android.gms:play-services-auth:20.7.0] AndroidManifest.xml:33:9-37:51
190            android:name="com.google.android.gms.auth.api.signin.RevocationBoundService"
190-->[com.google.android.gms:play-services-auth:20.7.0] AndroidManifest.xml:34:13-89
191            android:exported="true"
191-->[com.google.android.gms:play-services-auth:20.7.0] AndroidManifest.xml:35:13-36
192            android:permission="com.google.android.gms.auth.api.signin.permission.REVOCATION_NOTIFICATION"
192-->[com.google.android.gms:play-services-auth:20.7.0] AndroidManifest.xml:36:13-107
193            android:visibleToInstantApps="true" />
193-->[com.google.android.gms:play-services-auth:20.7.0] AndroidManifest.xml:37:13-48
194
195        <activity
195-->[com.google.android.gms:play-services-base:18.1.0] AndroidManifest.xml:20:9-22:45
196            android:name="com.google.android.gms.common.api.GoogleApiActivity"
196-->[com.google.android.gms:play-services-base:18.1.0] AndroidManifest.xml:20:19-85
197            android:exported="false"
197-->[com.google.android.gms:play-services-base:18.1.0] AndroidManifest.xml:22:19-43
198            android:theme="@android:style/Theme.Translucent.NoTitleBar" />
198-->[com.google.android.gms:play-services-base:18.1.0] AndroidManifest.xml:21:19-78
199
200        <meta-data
200-->[com.google.android.gms:play-services-basement:18.2.0] AndroidManifest.xml:21:9-23:69
201            android:name="com.google.android.gms.version"
201-->[com.google.android.gms:play-services-basement:18.2.0] AndroidManifest.xml:22:13-58
202            android:value="@integer/google_play_services_version" />
202-->[com.google.android.gms:play-services-basement:18.2.0] AndroidManifest.xml:23:13-66
203
204        <provider
204-->[androidx.lifecycle:lifecycle-process:2.4.0] AndroidManifest.xml:26:9-34:20
205            android:name="androidx.startup.InitializationProvider"
205-->[androidx.lifecycle:lifecycle-process:2.4.0] AndroidManifest.xml:27:13-67
206            android:authorities="com.example.notes.androidx-startup"
206-->[androidx.lifecycle:lifecycle-process:2.4.0] AndroidManifest.xml:28:13-68
207            android:exported="false" >
207-->[androidx.lifecycle:lifecycle-process:2.4.0] AndroidManifest.xml:29:13-37
208            <meta-data
208-->[androidx.lifecycle:lifecycle-process:2.4.0] AndroidManifest.xml:31:13-33:52
209                android:name="androidx.lifecycle.ProcessLifecycleInitializer"
209-->[androidx.lifecycle:lifecycle-process:2.4.0] AndroidManifest.xml:32:17-78
210                android:value="androidx.startup" />
210-->[androidx.lifecycle:lifecycle-process:2.4.0] AndroidManifest.xml:33:17-49
211        </provider>
212        <provider
212-->[com.squareup.picasso:picasso:2.8] AndroidManifest.xml:8:9-11:40
213            android:name="com.squareup.picasso.PicassoProvider"
213-->[com.squareup.picasso:picasso:2.8] AndroidManifest.xml:9:13-64
214            android:authorities="com.example.notes.com.squareup.picasso"
214-->[com.squareup.picasso:picasso:2.8] AndroidManifest.xml:10:13-72
215            android:exported="false" />
215-->[com.squareup.picasso:picasso:2.8] AndroidManifest.xml:11:13-37
216    </application>
217
218</manifest>